*****
Sun Jul 03 08:51:56 -0500 2011
m001

m002

m003

m004

m005

m006

m007

m008

m009

m010

m011

m012

*****
Sun Jul 03 08:59:14 -0500 2011
m001

m002

m003

m004

m005

m006

m007

m008

m009

m010

m011

m012

*****
Sun Jul 03 09:04:44 -0500 2011
m001

m002

m003

m004

m005

m006

m007

m008

m009

m010

m011

m012

*****
Wed Jul 06 08:55:24 -0500 2011
m004

m005

m006

m007

m008

m009

m010

m011

m012

*****
Tue Aug 09 09:13:08 -0500 2011
m000

m001

m002

m003

m004

m005

m006

m007

m008

m009

m010

m011

m012

m013

m014

*****
Tue Aug 09 09:15:14 -0500 2011
m004
0.07
m006
8.33
m012
89
m013
40000000
m014
1000
*****
Tue Aug 09 09:28:17 -0500 2011
m000

m001

m002

m003

m004

m005

m006

m007

m008

m009

m010

m011

m012

m013

m014

*****
Tue Aug 09 09:29:06 -0500 2011
m000

m001

m002

m003

m004

m005

m006

m007

m008

m009

m010

m011

m012

m013

m014

*****
Tue Aug 09 09:53:25 -0500 2011
m000

m001

m002

m003

m004

m005

m006

m007

m008

m009

m010

m011

m012

m013

m014

*****
Tue Aug 09 09:54:36 -0500 2011
m000

m001

m002

m003

m004

m005

m006

m007

m008

m009

m010

m011

m012

m013

m014

*****
Tue Aug 09 09:55:13 -0500 2011
m000

m001

m002

m003

m004

m005

m006

m007

m008

m009

m010

m011

m012

m013

m014

*****
Tue Aug 09 09:56:18 -0500 2011
m000

m001

m002

m003

m004

m005

m006

m007

m008

m009

m010

m011

m012

m013

m014

*****
Tue Aug 09 09:57:22 -0500 2011
m000

m001

m002

m003

m004

m005

m006

m007

m008

m009

m010

m011

m012

m013

m014

*****
Tue Aug 09 09:57:44 -0500 2011
m000

m001

m002

m003

m004

m005

m006

m007

m008

m009

m010

m011

m012

m013

m014

*****
Tue Aug 09 09:59:35 -0500 2011
m000

m001

m002

m003

m004

m005

m006

m007

m008

m009

m010

m011

m012

m013

m014

*****
Tue Aug 09 09:59:49 -0500 2011
m000

m001

m002

m003

m004

m005

m006

m007

m008

m009

m010

m011

m012

m013

m014

*****
Tue Aug 09 10:00:24 -0500 2011
m000

m001

m002

m003

m004

m005

m006

m007

m008

m009

m010

m011

m012

m013

m014

*****
Tue Aug 09 10:01:00 -0500 2011
m000

m001

m002

m003

m004

m005

m006

m007

m008

m009

m010

m011

m012

m013

m014

*****
Tue Aug 09 10:05:12 -0500 2011
m000

m001

m002

m003

m004

m005

m006

m007

m008

m009

m010

m011

m012

m013

m014

*****
Tue Aug 09 10:06:02 -0500 2011
m000

m001

m002

m003

m004

m005

m006

m007

m008

m009

m010

m011

m012

m013

m014

*****
Tue Aug 09 10:06:56 -0500 2011
m000

m001

m002

m003

m004

m005

m006

m007

m008

m009

m010

m011

m012

m013

m014

*****
Tue Aug 09 10:08:58 -0500 2011
m000

m001

m002

m003

m004

m005

m006

m007

m008

m009

m010

m011

m012

m013

m014

*****
Tue Aug 09 10:09:31 -0500 2011
m000

m001

m002

m003

m004

m005

m006

m007

m008

m009

m010

m011

m012

m013

m014

*****
Tue Aug 09 10:12:03 -0500 2011
m000

m001

m002

m003

m004

m005

m006

m007

m008

m009

m010

m011

m012

m013

m014

*****
Tue Aug 09 10:13:44 -0500 2011
m000

m001

m002

m003

m004

m005

m006

m007

m008

m009

m010

m011

m012

m013

m014

*****
Tue Aug 09 10:14:19 -0500 2011
m000

m001

m002

m003

m004

m005

m006

m007

m008

m009

m010

m011

m012

m013

m014

*****
Tue Aug 09 10:16:47 -0500 2011
m000

m001

m002

m003

m004

m005

m006

m007

m008

m009

m010

m011

m012

m013

m014

*****
Tue Aug 09 10:24:24 -0500 2011
m000

m001

m002

m003

m004

m005

m006

m007

m008

m009

m010

m011

m012

m013

m014

*****
Tue Aug 09 10:26:21 -0500 2011
m000

m001

m002

m003

m004

m005

m006

m007

m008

m009

m010

m011

m012

m013

m014

*****
Tue Aug 09 10:27:56 -0500 2011
m000

m001

m002

m003

m004

m005

m006

m007

m008

m009

m010

m011

m012

m013

m014

*****
Tue Aug 09 10:31:04 -0500 2011
m000

m001

m002

m003

m004

m005

m006

m007

m008

m009

m010

m011

m012

m013

m014

*****
Tue Aug 09 10:34:06 -0500 2011
m000

m001

m002

m003

m004

m005

m006

m007

m008

m009

m010

m011

m012

m013

m014

